<?xml version="1.0" encoding="UTF-8"?>
<testng-results ignored="0" total="2" passed="2" failed="0" skipped="0">
  <reporter-output>
  </reporter-output>
  <suite started-at="2022-11-16T16:06:06 IST" name="All Test Suite" finished-at="2022-11-16T16:06:15 IST" duration-ms="9564">
    <groups>
    </groups>
    <test started-at="2022-11-16T16:06:06 IST" name="D:\Mitra Projects\JenkinsDemo\SauceDemo" finished-at="2022-11-16T16:06:15 IST" duration-ms="9564">
      <class name="LoginPageTests">
        <test-method is-config="true" signature="setUp()[pri:0, instance:LoginPageTests@6b927fb]" started-at="2022-11-16T16:06:06 IST" name="setUp" finished-at="2022-11-16T16:06:13 IST" duration-ms="7209" status="PASS">
          <reporter-output>
          </reporter-output>
        </test-method> <!-- setUp -->
        <test-method signature="testLoginPage()[pri:0, instance:LoginPageTests@6b927fb]" started-at="2022-11-16T16:06:13 IST" name="testLoginPage" finished-at="2022-11-16T16:06:13 IST" duration-ms="187" status="PASS">
          <reporter-output>
          </reporter-output>
        </test-method> <!-- testLoginPage -->
        <test-method signature="testSuccessfulLogin()[pri:0, instance:LoginPageTests@6b927fb]" started-at="2022-11-16T16:06:13 IST" name="testSuccessfulLogin" finished-at="2022-11-16T16:06:14 IST" duration-ms="756" status="PASS">
          <reporter-output>
          </reporter-output>
        </test-method> <!-- testSuccessfulLogin -->
        <test-method is-config="true" signature="tearDown()[pri:0, instance:LoginPageTests@6b927fb]" started-at="2022-11-16T16:06:14 IST" name="tearDown" finished-at="2022-11-16T16:06:15 IST" duration-ms="1282" status="PASS">
          <reporter-output>
          </reporter-output>
        </test-method> <!-- tearDown -->
      </class> <!-- LoginPageTests -->
    </test> <!-- D:\Mitra Projects\JenkinsDemo\SauceDemo -->
  </suite> <!-- All Test Suite -->
</testng-results>
